<?xml version="1.0" encoding="UTF-8"?>
<!-- Generated by org.testng.reporters.JUnitReportReporter -->
<testsuite hostname="Sheetal" failures="0" tests="1" name="apitests.GetDataTest" time="6.870" errors="0" timestamp="2023-09-27T12:59:53 PDT" skipped="0">
  <testcase classname="apitests.GetDataTest" name="getdataTC_01" time="6.870"/>
  <system-out/>
</testsuite> <!-- apitests.GetDataTest -->
