<?xml version="1.0" encoding="UTF-8"?>
<!-- Generated by org.testng.reporters.JUnitReportReporter -->
<testsuite hostname="Sheetal" failures="0" tests="1" name="tests.OptyTests" time="1.054" errors="0" timestamp="2023-10-10T23:05:25 PDT" skipped="0">
  <testcase classname="tests.OptyTests" name="optyTab_TC15" time="1.054"/>
  <system-out/>
</testsuite> <!-- tests.OptyTests -->
