<?xml version="1.0" encoding="UTF-8"?>
<!-- Generated by org.testng.reporters.JUnitReportReporter -->
<testsuite hostname="Sheetal" failures="0" tests="1" name="apitests.AddDataTest" time="18.452" errors="0" timestamp="2023-09-25T16:20:49 PDT" skipped="0">
  <testcase classname="apitests.AddDataTest" name="adddataTC_01" time="18.452"/>
  <system-out/>
</testsuite> <!-- apitests.AddDataTest -->
