<?xml version="1.0" encoding="UTF-8"?>
<!-- Generated by org.testng.reporters.JUnitReportReporter -->
<testsuite hostname="Sheetal" failures="0" tests="1" name="tests.LeadsTests" time="7.847" errors="0" timestamp="2023-09-18T23:23:32 PDT" skipped="0">
  <testcase classname="tests.LeadsTests" name="leads_TC24" time="7.847"/>
  <system-out/>
</testsuite> <!-- tests.LeadsTests -->
