<?xml version="1.0" encoding="UTF-8"?>
<!-- Generated by org.testng.reporters.JUnitReportReporter -->
<testsuite hostname="Sheetal" failures="0" tests="1" name="demo.CurrencyConverot" time="11.718" errors="0" timestamp="2023-09-11T23:35:26 PDT" skipped="0">
  <testcase classname="demo.CurrencyConverot" name="currency" time="11.718"/>
  <system-out/>
</testsuite> <!-- demo.CurrencyConverot -->
