<?xml version="1.0" encoding="UTF-8"?>
<!-- Generated by org.testng.reporters.JUnitReportReporter -->
<testsuite hostname="Sheetal" failures="0" tests="1" name="apitests.UpdateDataTest" time="0.428" errors="0" timestamp="2023-09-27T13:02:59 PDT" skipped="0">
  <testcase classname="apitests.UpdateDataTest" name="adddataTC_01" time="0.428"/>
  <system-out/>
</testsuite> <!-- apitests.UpdateDataTest -->
