<?xml version="1.0" encoding="UTF-8"?>
<!-- Generated by org.testng.reporters.JUnitReportReporter -->
<testsuite hostname="Sheetal" failures="0" tests="6" name="testcases.demo" time="0.032" errors="0" timestamp="2023-10-01T22:48:36 PDT" skipped="0">
  <testcase classname="testcases.demo" name="test1" time="0.023"/>
  <system-out/>
  <testcase classname="testcases.demo" name="test5" time="0.002"/>
  <system-out/>
  <testcase classname="testcases.demo" name="test4" time="0.002"/>
  <system-out/>
  <testcase classname="testcases.demo" name="test6" time="0.002"/>
  <system-out/>
  <testcase classname="testcases.demo" name="test2" time="0.002"/>
  <system-out/>
  <testcase classname="testcases.demo" name="test3" time="0.001"/>
  <system-out/>
</testsuite> <!-- testcases.demo -->
