<?xml version="1.0" encoding="UTF-8"?>
<!-- Generated by org.testng.reporters.JUnitReportReporter -->
<testsuite hostname="Sheetal" failures="0" tests="1" name="tests.ContactsTests" time="7.754" errors="0" timestamp="2023-09-18T16:39:35 PDT" skipped="0">
  <testcase classname="tests.ContactsTests" name="contacts_32" time="7.754"/>
  <system-out/>
</testsuite> <!-- tests.ContactsTests -->
