<?xml version="1.0" encoding="UTF-8"?>
<!-- Generated by org.testng.reporters.JUnitReportReporter -->
<testsuite hostname="Sheetal" failures="0" tests="1" name="apitests.LoginTest" time="0.010" errors="0" timestamp="2023-09-24T14:53:04 PDT" skipped="0">
  <testcase classname="apitests.LoginTest" name="loginTC_01" time="0.010"/>
  <system-out/>
</testsuite> <!-- apitests.LoginTest -->
