<?xml version="1.0" encoding="UTF-8"?>
<!-- Generated by org.testng.reporters.JUnitReportReporter -->
<testsuite hostname="Sheetal" failures="0" tests="1" name="demo.NewTest" time="0.020" errors="0" timestamp="2023-10-10T22:24:08 PDT" skipped="0">
  <testcase classname="demo.NewTest" name="f" time="0.020"/>
  <system-out/>
</testsuite> <!-- demo.NewTest -->
