<?xml version="1.0" encoding="UTF-8"?>
<!-- Generated by org.testng.reporters.JUnitReportReporter -->
<testsuite hostname="Sheetal" failures="0" tests="1" name="tests.UserMenuTests" time="18.641" errors="0" timestamp="2023-09-20T11:14:16 PDT" skipped="0">
  <testcase classname="tests.UserMenuTests" name="userMenuDropDown_TC07" time="18.641"/>
  <system-out/>
</testsuite> <!-- tests.UserMenuTests -->
