<?xml version="1.0" encoding="UTF-8"?>
<!-- Generated by org.testng.reporters.JUnitReportReporter -->
<testsuite hostname="Sheetal" failures="0" tests="3" name="testcases.TestNG" time="6.140" errors="0" timestamp="2023-10-10T23:06:11 PDT" skipped="0">
  <testcase classname="testcases.TestNG" name="ogin" time="0.005"/>
  <system-out/>
  <testcase classname="testcases.TestNG" name="out" time="0.003"/>
  <system-out/>
  <testcase classname="testcases.TestNG" name="Login" time="6.132"/>
  <system-out/>
</testsuite> <!-- testcases.TestNG -->
