<?xml version="1.0" encoding="UTF-8"?>
<!-- Generated by org.testng.reporters.JUnitReportReporter -->
<testsuite hostname="Sheetal" failures="0" tests="1" name="tests.OptyTests" time="1.401" errors="0" timestamp="2023-10-11T00:59:49 PDT" skipped="0">
  <testcase classname="tests.OptyTests" name="optyTab_TC15" time="1.401"/>
  <system-out/>
</testsuite> <!-- tests.OptyTests -->
