<?xml version="1.0" encoding="UTF-8"?>
<!-- Generated by org.testng.reporters.JUnitReportReporter -->
<testsuite hostname="Sheetal" failures="0" tests="2" name="testcases.TestNG" time="7.012" errors="0" timestamp="2023-10-11T00:59:49 PDT" skipped="0">
  <testcase classname="testcases.TestNG" name="Login" time="7.011"/>
  <system-out/>
  <testcase classname="testcases.TestNG" name="ogin" time="0.001"/>
  <system-out/>
</testsuite> <!-- testcases.TestNG -->
